IOC_TEST:Plugin-FFT0-stat
IOC_TEST:Plugin-FFT0-NFFT
IOC_TEST:Plugin-FFT0-BuffIdAct
IOC_TEST:Plugin-FFT1-stat
IOC_TEST:Plugin-FFT1-NFFT
IOC_TEST:Plugin-FFT1-BuffIdAct
REQMOD:raspberrypi-8398:exit
IOC_TEST:Plugin-FFT0-Mode-RB
IOC_TEST:Plugin-FFT1-Mode-RB
IOC_TEST:Plugin-FFT0-SampleRate-Act
IOC_TEST:Plugin-FFT1-SampleRate-Act
IOC_TEST:PLC-0-scantime
IOC_TEST:PLC-0-error
IOC_TEST:MCU-app-mode
IOC_TEST:MCU-ErrId
IOC_TEST:MCU-thread-latency-min
IOC_TEST:MCU-thread-latency-max
IOC_TEST:MCU-thread-period-min
IOC_TEST:MCU-thread-period-max
IOC_TEST:MCU-thread-execute-min
IOC_TEST:MCU-thread-execute-max
IOC_TEST:MCU-thread-send-min
IOC_TEST:MCU-thread-send-max
REQMOD:raspberrypi-8398:BaseVersion
REQMOD:raspberrypi-8398:require_VER
REQMOD:raspberrypi-8398:ecmccfg_VER
REQMOD:raspberrypi-8398:asyn_VER
REQMOD:raspberrypi-8398:exprtk_VER
REQMOD:raspberrypi-8398:motor_VER
REQMOD:raspberrypi-8398:ecmc_VER
REQMOD:raspberrypi-8398:ecmc_plugin_fft_VER
IOC_TEST:Plugin-FFT0-Title
IOC_TEST:Plugin-FFT1-Title
IOC_TEST:Plugin-FFT0-Enable
IOC_TEST:Plugin-FFT0-Trigg
IOC_TEST:Plugin-FFT1-Enable
IOC_TEST:Plugin-FFT1-Trigg
IOC_TEST:PLC-0-enable
IOC_TEST:MCU-ErrRst
REQMOD:raspberrypi-8398:MODULES
REQMOD:raspberrypi-8398:VERSIONS
REQMOD:raspberrypi-8398:MOD_VER
IOC_TEST:Plugin-FFT0-Source
IOC_TEST:Plugin-FFT0-Raw-Data-Act
IOC_TEST:Plugin-FFT0-PreProc-Data-Act
IOC_TEST:Plugin-FFT0-Spectrum-Amp-Act
IOC_TEST:Plugin-FFT0-Spectrum-X-Axis-Act
IOC_TEST:Plugin-FFT1-Source
IOC_TEST:Plugin-FFT1-Raw-Data-Act
IOC_TEST:Plugin-FFT1-PreProc-Data-Act
IOC_TEST:Plugin-FFT1-Spectrum-Amp-Act
IOC_TEST:Plugin-FFT1-Spectrum-X-Axis-Act
IOC_TEST:MCU-ErrMsg
IOC_TEST:MCU-updated
IOC_TEST:MCU-Cmd
